# LOG
I, [2019-05-23T20:12:45.473618 #16588]  INFO -- CoreLogger - initialize: Initialisation du logger, fichier './logs/core_prog.log'
I, [2019-05-23T20:12:45.474259 #16588]  INFO -- ConfigLoader - load: Chargement du fichier de configuration : './conf/config.yml'
I, [2019-05-23T20:12:45.474484 #16588]  INFO -- Core - run: Debut
I, [2019-05-23T20:12:45.474918 #16588]  INFO -- JsonTools - parse: Parsing du fichier './data/datasets/data.json'
D, [2019-05-23T20:12:45.475376 #16588] DEBUG -- JsonTools - check_json_file_path: Verification existante du fichier './data/datasets/data.json'}
D, [2019-05-23T20:12:45.476104 #16588] DEBUG -- JsonTools - json_data_cars_to_array: Mapping Json data 'car' en tableau d'objet car
D, [2019-05-23T20:12:45.476495 #16588] DEBUG -- JsonTools - control_json_data_car: Controle des valeurs relative au 'car'
D, [2019-05-23T20:12:45.476854 #16588] DEBUG -- JsonTools - json_data_rentals_to_array: Mapping Json data 'rental' en tableau d'objet rental
D, [2019-05-23T20:12:45.477193 #16588] DEBUG -- JsonTools - control_json_data_rental: Controle des valeurs relative au 'rental'
D, [2019-05-23T20:12:45.477847 #16588] DEBUG -- JsonTools - control_json_data_rental: Controle des valeurs relative au 'rental'
D, [2019-05-23T20:12:45.478156 #16588] DEBUG -- JsonTools - control_json_data_rental: Controle des valeurs relative au 'rental'
D, [2019-05-23T20:12:45.478410 #16588] DEBUG -- OutputRentals - initialize: 1, 2000, 1, 10, 100
I, [2019-05-23T20:12:45.478531 #16588]  INFO -- OutputRentals - advantage: Determination du ratio de l'avantage du prix par jours en fonction de la duree
I, [2019-05-23T20:12:45.478755 #16588]  INFO -- OutputRentals - advantage: Ratio de 10% pour une durée de 1 jours
D, [2019-05-23T20:12:45.479007 #16588] DEBUG -- OutputRentals - initialize: 2, 2000, 2, 10, 300
I, [2019-05-23T20:12:45.479226 #16588]  INFO -- OutputRentals - advantage: Determination du ratio de l'avantage du prix par jours en fonction de la duree
I, [2019-05-23T20:12:45.479443 #16588]  INFO -- OutputRentals - advantage: Ratio de 10% pour une durée de 2 jours
D, [2019-05-23T20:12:45.479741 #16588] DEBUG -- OutputRentals - initialize: 3, 2000, 12, 10, 1000
I, [2019-05-23T20:12:45.479909 #16588]  INFO -- OutputRentals - advantage: Determination du ratio de l'avantage du prix par jours en fonction de la duree
I, [2019-05-23T20:12:45.480110 #16588]  INFO -- OutputRentals - advantage: Ratio de 50% pour une durée de 12 jours
I, [2019-05-23T20:12:45.480323 #16588]  INFO -- JsonTools - create_json_file: Creation fichier json
D, [2019-05-23T20:12:45.480541 #16588] DEBUG -- JsonTools - create_json_file: Hash : {:rentals=>[{:id=>1, :price=>2800}, {:id=>2, :price=>6600}, {:id=>3, :price=>22000}]}
I, [2019-05-23T20:12:45.481105 #16588]  INFO -- JsonTools - create_json_file: Fichier genere : 
{
  "rentals": [
    {
      "id": 1,
      "price": 2800
    },
    {
      "id": 2,
      "price": 6600
    },
    {
      "id": 3,
      "price": 22000
    }
  ]
}
I, [2019-05-23T20:12:45.483258 #16588]  INFO -- Core - run: Fin
I, [2019-05-23T20:14:27.343063 #16136]  INFO -- CoreLogger - initialize: Initialisation du logger, fichier './logs/core_prog.log'
I, [2019-05-23T20:14:27.343481 #16136]  INFO -- ConfigLoader - load: Chargement du fichier de configuration : './conf/config.yml'
I, [2019-05-23T20:14:27.343608 #16136]  INFO -- Core - run: Debut
I, [2019-05-23T20:14:27.343769 #16136]  INFO -- JsonTools - parse: Parsing du fichier './data/datasets/data.json'
D, [2019-05-23T20:14:27.343928 #16136] DEBUG -- JsonTools - check_json_file_path: Verification existante du fichier './data/datasets/data.json'}
D, [2019-05-23T20:14:27.344414 #16136] DEBUG -- JsonTools - json_data_cars_to_array: Mapping Json data 'car' en tableau d'objet car
D, [2019-05-23T20:14:27.344570 #16136] DEBUG -- JsonTools - control_json_data_car: Controle des valeurs relative au 'car'
D, [2019-05-23T20:14:27.344741 #16136] DEBUG -- JsonTools - json_data_rentals_to_array: Mapping Json data 'rental' en tableau d'objet rental
D, [2019-05-23T20:14:27.345061 #16136] DEBUG -- JsonTools - control_json_data_rental: Controle des valeurs relative au 'rental'
D, [2019-05-23T20:14:27.345731 #16136] DEBUG -- JsonTools - control_json_data_rental: Controle des valeurs relative au 'rental'
D, [2019-05-23T20:14:27.346015 #16136] DEBUG -- JsonTools - control_json_data_rental: Controle des valeurs relative au 'rental'
D, [2019-05-23T20:14:27.346408 #16136] DEBUG -- OutputRentals - initialize: 1, 2000, 1, 10, 100
I, [2019-05-23T20:14:27.346561 #16136]  INFO -- OutputRentals - advantage: Determination du ratio de l'avantage du prix par jours en fonction de la duree
I, [2019-05-23T20:14:27.346946 #16136]  INFO -- OutputRentals - advantage: Ratio de 10% pour une durée de 1 jours
D, [2019-05-23T20:14:27.347351 #16136] DEBUG -- OutputRentals - initialize: 2, 2000, 2, 10, 300
I, [2019-05-23T20:14:27.347605 #16136]  INFO -- OutputRentals - advantage: Determination du ratio de l'avantage du prix par jours en fonction de la duree
I, [2019-05-23T20:14:27.347974 #16136]  INFO -- OutputRentals - advantage: Ratio de 10% pour une durée de 2 jours
D, [2019-05-23T20:14:27.348411 #16136] DEBUG -- OutputRentals - initialize: 3, 2000, 12, 10, 1000
I, [2019-05-23T20:14:27.348696 #16136]  INFO -- OutputRentals - advantage: Determination du ratio de l'avantage du prix par jours en fonction de la duree
I, [2019-05-23T20:14:27.349052 #16136]  INFO -- OutputRentals - advantage: Ratio de 50% pour une durée de 12 jours
I, [2019-05-23T20:14:27.349365 #16136]  INFO -- JsonTools - create_json_file: Creation fichier json
D, [2019-05-23T20:14:27.349736 #16136] DEBUG -- JsonTools - create_json_file: Hash : {:rentals=>[{:id=>1, :price=>2800}, {:id=>2, :price=>6600}, {:id=>3, :price=>22000}]}
I, [2019-05-23T20:14:27.350342 #16136]  INFO -- JsonTools - create_json_file: Fichier genere : 
{
  "rentals": [
    {
      "id": 1,
      "price": 2800
    },
    {
      "id": 2,
      "price": 6600
    },
    {
      "id": 3,
      "price": 22000
    }
  ]
}
I, [2019-05-23T20:14:27.352393 #16136]  INFO -- Core - run: Fin
I, [2019-05-23T20:15:20.221481 #13500]  INFO -- CoreLogger - initialize: Initialisation du logger, fichier './logs/core_prog.log'
I, [2019-05-23T20:15:20.221797 #13500]  INFO -- ConfigLoader - load: Chargement du fichier de configuration : './conf/config.yml'
I, [2019-05-23T20:15:20.221953 #13500]  INFO -- Core - run: Debut
I, [2019-05-23T20:15:20.222126 #13500]  INFO -- JsonTools - parse: Parsing du fichier './data/datasets/data.json'
D, [2019-05-23T20:15:20.222287 #13500] DEBUG -- JsonTools - check_json_file_path: Verification existante du fichier './data/datasets/data.json'}
D, [2019-05-23T20:15:20.222858 #13500] DEBUG -- JsonTools - json_data_cars_to_array: Mapping Json data 'car' en tableau d'objet car
D, [2019-05-23T20:15:20.223034 #13500] DEBUG -- JsonTools - control_json_data_car: Controle des valeurs relative au 'car'
D, [2019-05-23T20:15:20.223188 #13500] DEBUG -- JsonTools - json_data_rentals_to_array: Mapping Json data 'rental' en tableau d'objet rental
D, [2019-05-23T20:15:20.223347 #13500] DEBUG -- JsonTools - control_json_data_rental: Controle des valeurs relative au 'rental'
D, [2019-05-23T20:15:20.223970 #13500] DEBUG -- JsonTools - control_json_data_rental: Controle des valeurs relative au 'rental'
D, [2019-05-23T20:15:20.224229 #13500] DEBUG -- JsonTools - control_json_data_rental: Controle des valeurs relative au 'rental'
D, [2019-05-23T20:15:20.224481 #13500] DEBUG -- OutputRentals - initialize: 1, 2000, 1, 10, 100
I, [2019-05-23T20:15:20.224723 #13500]  INFO -- OutputRentals - advantage: Determination du ratio de l'avantage du prix par jours en fonction de la duree
I, [2019-05-23T20:15:20.225069 #13500]  INFO -- OutputRentals - advantage: Ratio de 10% pour une durée de 1 jours
D, [2019-05-23T20:15:20.225517 #13500] DEBUG -- OutputRentals - initialize: 2, 2000, 2, 10, 300
I, [2019-05-23T20:15:20.226041 #13500]  INFO -- OutputRentals - advantage: Determination du ratio de l'avantage du prix par jours en fonction de la duree
I, [2019-05-23T20:15:20.226613 #13500]  INFO -- OutputRentals - advantage: Ratio de 10% pour une durée de 2 jours
D, [2019-05-23T20:15:20.227070 #13500] DEBUG -- OutputRentals - initialize: 3, 2000, 12, 10, 1000
I, [2019-05-23T20:15:20.227393 #13500]  INFO -- OutputRentals - advantage: Determination du ratio de l'avantage du prix par jours en fonction de la duree
I, [2019-05-23T20:15:20.227757 #13500]  INFO -- OutputRentals - advantage: Ratio de 50% pour une durée de 12 jours
I, [2019-05-23T20:15:20.228390 #13500]  INFO -- JsonTools - create_json_file: Creation fichier json
D, [2019-05-23T20:15:20.228715 #13500] DEBUG -- JsonTools - create_json_file: Hash : {:rentals=>[{:id=>1, :price=>2800}, {:id=>2, :price=>6600}, {:id=>3, :price=>22000}]}
I, [2019-05-23T20:15:20.229428 #13500]  INFO -- JsonTools - create_json_file: Fichier genere : 
{
  "rentals": [
    {
      "id": 1,
      "price": 2800
    },
    {
      "id": 2,
      "price": 6600
    },
    {
      "id": 3,
      "price": 22000
    }
  ]
}
I, [2019-05-23T20:15:20.231599 #13500]  INFO -- Core - run: Fin
I, [2019-05-23T20:15:40.759127 #16652]  INFO -- CoreLogger - initialize: Initialisation du logger, fichier './logs/core_prog.log'
I, [2019-05-23T20:15:40.759751 #16652]  INFO -- ConfigLoader - load: Chargement du fichier de configuration : './conf/config.yml'
I, [2019-05-23T20:15:40.760086 #16652]  INFO -- Core - run: Debut
I, [2019-05-23T20:15:40.760506 #16652]  INFO -- JsonTools - parse: Parsing du fichier './data/datasets/data.json'
D, [2019-05-23T20:15:40.760861 #16652] DEBUG -- JsonTools - check_json_file_path: Verification existante du fichier './data/datasets/data.json'}
D, [2019-05-23T20:15:40.761480 #16652] DEBUG -- JsonTools - json_data_cars_to_array: Mapping Json data 'car' en tableau d'objet car
D, [2019-05-23T20:15:40.761806 #16652] DEBUG -- JsonTools - control_json_data_car: Controle des valeurs relative au 'car'
D, [2019-05-23T20:15:40.761964 #16652] DEBUG -- JsonTools - json_data_rentals_to_array: Mapping Json data 'rental' en tableau d'objet rental
D, [2019-05-23T20:15:40.762063 #16652] DEBUG -- JsonTools - control_json_data_rental: Controle des valeurs relative au 'rental'
D, [2019-05-23T20:15:40.762388 #16652] DEBUG -- JsonTools - control_json_data_rental: Controle des valeurs relative au 'rental'
D, [2019-05-23T20:15:40.762514 #16652] DEBUG -- JsonTools - control_json_data_rental: Controle des valeurs relative au 'rental'
D, [2019-05-23T20:15:40.762720 #16652] DEBUG -- OutputRentals - initialize: 1, 2000, 1, 10, 100
I, [2019-05-23T20:15:40.762893 #16652]  INFO -- OutputRentals - advantage: Determination du ratio de l'avantage du prix par jours en fonction de la duree
I, [2019-05-23T20:15:40.763153 #16652]  INFO -- OutputRentals - advantage: Ratio de 10% pour une durée de 1 jours
D, [2019-05-23T20:15:40.763403 #16652] DEBUG -- OutputRentals - initialize: 2, 2000, 2, 10, 300
I, [2019-05-23T20:15:40.763566 #16652]  INFO -- OutputRentals - advantage: Determination du ratio de l'avantage du prix par jours en fonction de la duree
I, [2019-05-23T20:15:40.763765 #16652]  INFO -- OutputRentals - advantage: Ratio de 10% pour une durée de 2 jours
D, [2019-05-23T20:15:40.764021 #16652] DEBUG -- OutputRentals - initialize: 3, 2000, 12, 10, 1000
I, [2019-05-23T20:15:40.764173 #16652]  INFO -- OutputRentals - advantage: Determination du ratio de l'avantage du prix par jours en fonction de la duree
I, [2019-05-23T20:15:40.764445 #16652]  INFO -- OutputRentals - advantage: Ratio de 50% pour une durée de 12 jours
I, [2019-05-23T20:15:40.764683 #16652]  INFO -- JsonTools - create_json_file: Creation fichier json
D, [2019-05-23T20:15:40.764917 #16652] DEBUG -- JsonTools - create_json_file: Hash : {:rentals=>[{:id=>1, :price=>2800}, {:id=>2, :price=>6600}, {:id=>3, :price=>22000}]}
I, [2019-05-23T20:15:40.765435 #16652]  INFO -- JsonTools - create_json_file: Fichier genere : 
{
  "rentals": [
    {
      "id": 1,
      "price": 2800
    },
    {
      "id": 2,
      "price": 6600
    },
    {
      "id": 3,
      "price": 22000
    }
  ]
}
I, [2019-05-23T20:15:40.766915 #16652]  INFO -- Core - run: Fin
